FMT, 128, 89, FMT, BBnNZ, Type,Length,Name,Format,Columns
FMT, 129, 31, PARM, QNf, TimeUS,Name,Value
FMT, 130, 46, GPS, QBIHBcLLefffB, TimeUS,Status,GMS,GWk,NSats,HDop,Lat,Lng,Alt,Spd,GCrs,VZ,U
FMT, 131, 46, GPS2, QBIHBcLLefffB, TimeUS,Status,GMS,GWk,NSats,HDop,Lat,Lng,Alt,Spd,GCrs,VZ,U
FMT, 191, 24, GPA, QCCCCBI, TimeUS,VDop,HAcc,VAcc,SAcc,VV,SMS
FMT, 192, 24, GPA2, QCCCCBI, TimeUS,VDop,HAcc,VAcc,SAcc,VV,SMS
FMT, 132, 49, IMU, QffffffIIfBB, TimeUS,GyrX,GyrY,GyrZ,AccX,AccY,AccZ,ErrG,ErrA,Temp,GyHlt,AcHlt
FMT, 133, 75, MSG, QZ, TimeUS,Message
FMT, 134, 39, RCIN, QHHHHHHHHHHHHHH, TimeUS,C1,C2,C3,C4,C5,C6,C7,C8,C9,C10,C11,C12,C13,C14
FMT, 135, 39, RCOU, QHHHHHHHHHHHHHH, TimeUS,C1,C2,C3,C4,C5,C6,C7,C8,C9,C10,C11,C12,C13,C14
FMT, 136, 15, RSSI, Qf, TimeUS,RXRSSI
FMT, 138, 33, BARO, QffcfIf, TimeUS,Alt,Press,Temp,CRt,SMS,Offset
FMT, 139, 21, POWR, QffH, TimeUS,Vcc,VServo,Flags
FMT, 142, 45, CMD, QHHHfffffff, TimeUS,CTot,CNum,CId,Prm1,Prm2,Prm3,Prm4,Lat,Lng,Alt
FMT, 143, 20, RAD, QBBBBBHH, TimeUS,RSSI,RemRSSI,TxBuf,Noise,RemNoise,RxErrors,Fixed
FMT, 145, 43, CAM, QIHLLeeeccC, TimeUS,GPSTime,GPSWeek,Lat,Lng,Alt,RelAlt,GPSAlt,Roll,Pitch,Yaw
FMT, 224, 43, TRIG, QIHLLeeeccC, TimeUS,GPSTime,GPSWeek,Lat,Lng,Alt,RelAlt,GPSAlt,Roll,Pitch,Yaw
FMT, 161, 30, ARSP, QffcffB, TimeUS,Airspeed,DiffPress,Temp,RawPress,Offset,U
FMT, 163, 23, CURR, Qfff, TimeUS,Volt,Curr,CurrTot
FMT, 164, 23, CUR2, Qfff, TimeUS,Volt,Curr,CurrTot
FMT, 162, 27, ATT, QccccCCCC, TimeUS,DesRoll,Roll,DesPitch,Pitch,DesYaw,Yaw,ErrRP,ErrYaw
FMT, 165, 34, MAG, QhhhhhhhhhBI, TimeUS,MagX,MagY,MagZ,OfsX,OfsY,OfsZ,MOfsX,MOfsY,MOfsZ,Health,S
FMT, 168, 14, MODE, QMBB, TimeUS,Mode,ModeNum,Rsn
FMT, 193, 15, RFND, QCC, TimeUS,Dist1,Dist2
FMT, 215, 33, DMS, IIIIIBBBBBBBBBB, TimeMS,N,Dp,RT,RS,Er,Fa,Fmn,Fmx,Pa,Pmn,Pmx,Sa,Smn,Smx
FMT, 137, 49, IMU2, QffffffIIfBB, TimeUS,GyrX,GyrY,GyrZ,AccX,AccY,AccZ,ErrG,ErrA,Temp,GyHlt,AcHlt
FMT, 146, 49, IMU3, QffffffIIfBB, TimeUS,GyrX,GyrY,GyrZ,AccX,AccY,AccZ,ErrG,ErrA,Temp,GyHlt,AcHlt
FMT, 140, 29, AHR2, QccCfLL, TimeUS,Roll,Pitch,Yaw,Alt,Lat,Lng
FMT, 179, 27, POS, QLLff, TimeUS,Lat,Lng,Alt,RelAlt
FMT, 141, 29, SIM, QccCfLL, TimeUS,Roll,Pitch,Yaw,Alt,Lat,Lng
FMT, 195, 51, NKF1, QccCfffffffccc, TimeUS,Roll,Pitch,Yaw,VN,VE,VD,dPD,PN,PE,PD,GX,GY,GZ
FMT, 196, 35, NKF2, QbccccchhhhhhB, TimeUS,AZbias,GSX,GSY,GSZ,VWN,VWE,MN,ME,MD,MX,MY,MZ,MI
FMT, 197, 33, NKF3, Qcccccchhhcc, TimeUS,IVN,IVE,IVD,IPN,IPE,IPD,IMX,IMY,IMZ,IYAW,IVT
FMT, 198, 35, NKF4, QcccccfbbHBHHb, TimeUS,SV,SP,SH,SM,SVT,errRP,OFN,OFE,FS,TS,SS,GPS,PI
FMT, 199, 40, NKF5, QBhhhcccCCfff, TimeUS,NI,FIX,FIY,AFI,HAGL,offset,RI,rng,Herr,eAng,eVel,ePos
FMT, 200, 51, NKF6, QccCfffffffccc, TimeUS,Roll,Pitch,Yaw,VN,VE,VD,dPD,PN,PE,PD,GX,GY,GZ
FMT, 201, 35, NKF7, QbccccchhhhhhB, TimeUS,AZbias,GSX,GSY,GSZ,VWN,VWE,MN,ME,MD,MX,MY,MZ,MI
FMT, 202, 33, NKF8, Qcccccchhhcc, TimeUS,IVN,IVE,IVD,IPN,IPE,IPD,IMX,IMY,IMZ,IYAW,IVT
FMT, 203, 35, NKF9, QcccccfbbHBHHb, TimeUS,SV,SP,SH,SM,SVT,errRP,OFN,OFE,FS,TS,SS,GPS,PI
FMT, 204, 30, NKF0, QBccCCccccc, TimeUS,ID,rng,innov,SIV,TR,BPN,BPE,BPD,OFH,OFL
FMT, 205, 51, XKF1, QccCfffffffccc, TimeUS,Roll,Pitch,Yaw,VN,VE,VD,dPD,PN,PE,PD,GX,GY,GZ
FMT, 206, 34, XKF2, QccccchhhhhhB, TimeUS,AX,AY,AZ,VWN,VWE,MN,ME,MD,MX,MY,MZ,MI
FMT, 207, 33, XKF3, Qcccccchhhcc, TimeUS,IVN,IVE,IVD,IPN,IPE,IPD,IMX,IMY,IMZ,IYAW,IVT
FMT, 208, 35, XKF4, QcccccfbbHBHHb, TimeUS,SV,SP,SH,SM,SVT,errRP,OFN,OFE,FS,TS,SS,GPS,PI
FMT, 209, 40, XKF5, QBhhhcccCCfff, TimeUS,NI,FIX,FIY,AFI,HAGL,offset,RI,rng,Herr,eAng,eVel,ePos
FMT, 210, 51, XKF6, QccCfffffffccc, TimeUS,Roll,Pitch,Yaw,VN,VE,VD,dPD,PN,PE,PD,GX,GY,GZ
FMT, 211, 34, XKF7, QccccchhhhhhB, TimeUS,AX,AY,AZ,VWN,VWE,MN,ME,MD,MX,MY,MZ,MI
FMT, 212, 33, XKF8, Qcccccchhhcc, TimeUS,IVN,IVE,IVD,IPN,IPE,IPD,IMX,IMY,IMZ,IYAW,IVT
FMT, 213, 35, XKF9, QcccccfbbHBHHb, TimeUS,SV,SP,SH,SM,SVT,errRP,OFN,OFE,FS,TS,SS,GPS,PI
FMT, 214, 30, XKF0, QBccCCccccc, TimeUS,ID,rng,innov,SIV,TR,BPN,BPE,BPD,OFH,OFL
FMT, 147, 34, TERR, QBLLHffHH, TimeUS,Status,Lat,Lng,Spacing,TerrH,CHeight,Pending,Loaded
FMT, 148, 18, UBX1, QBHBBH, TimeUS,Instance,noisePerMS,jamInd,aPower,agcCnt
FMT, 149, 16, UBX2, QBbBbB, TimeUS,Instance,ofsI,magI,ofsQ,magQ
FMT, 150, 18, UBY1, QBHBBH, TimeUS,Instance,noisePerMS,jamInd,aPower,agcCnt
FMT, 151, 16, UBY2, QBbBbB, TimeUS,Instance,ofsI,magI,ofsQ,magQ
FMT, 169, 42, GRAW, QIHBBddfBbB, TimeUS,WkMS,Week,numSV,sv,cpMes,prMes,doMes,mesQI,cno,lli
FMT, 170, 24, GRXH, QdHbBB, TimeUS,rcvTime,week,leapS,numMeas,recStat
FMT, 171, 41, GRXS, QddfBBBHBBBBB, TimeUS,prMes,cpMes,doMes,gnss,sv,freq,lock,cno,prD,cpD,doD,trk
FMT, 172, 63, SBFE, QIHBBdddfffff, TimeUS,TOW,WN,Mode,Err,Lat,Lng,Height,Undul,Vn,Ve,Vu,COG
FMT, 152, 19, ESC1, Qcccc, TimeUS,RPM,Volt,Curr,Temp
FMT, 153, 19, ESC2, Qcccc, TimeUS,RPM,Volt,Curr,Temp
FMT, 154, 19, ESC3, Qcccc, TimeUS,RPM,Volt,Curr,Temp
FMT, 155, 19, ESC4, Qcccc, TimeUS,RPM,Volt,Curr,Temp
FMT, 156, 19, ESC5, Qcccc, TimeUS,RPM,Volt,Curr,Temp
FMT, 157, 19, ESC6, Qcccc, TimeUS,RPM,Volt,Curr,Temp
FMT, 158, 19, ESC7, Qcccc, TimeUS,RPM,Volt,Curr,Temp
FMT, 159, 19, ESC8, Qcccc, TimeUS,RPM,Volt,Curr,Temp
FMT, 166, 34, MAG2, QhhhhhhhhhBI, TimeUS,MagX,MagY,MagZ,OfsX,OfsY,OfsZ,MOfsX,MOfsY,MOfsZ,Health,S
FMT, 167, 34, MAG3, QhhhhhhhhhBI, TimeUS,MagX,MagY,MagZ,OfsX,OfsY,OfsZ,MOfsX,MOfsY,MOfsZ,Health,S
FMT, 173, 31, ACC1, QQfff, TimeUS,SampleUS,AccX,AccY,AccZ
FMT, 174, 31, ACC2, QQfff, TimeUS,SampleUS,AccX,AccY,AccZ
FMT, 175, 31, ACC3, QQfff, TimeUS,SampleUS,AccX,AccY,AccZ
FMT, 176, 31, GYR1, QQfff, TimeUS,SampleUS,GyrX,GyrY,GyrZ
FMT, 177, 31, GYR2, QQfff, TimeUS,SampleUS,GyrX,GyrY,GyrZ
FMT, 178, 31, GYR3, QQfff, TimeUS,SampleUS,GyrX,GyrY,GyrZ
FMT, 180, 35, PIDR, Qffffff, TimeUS,Des,P,I,D,FF,AFF
FMT, 181, 35, PIDP, Qffffff, TimeUS,Des,P,I,D,FF,AFF
FMT, 182, 35, PIDY, Qffffff, TimeUS,Des,P,I,D,FF,AFF
FMT, 183, 35, PIDA, Qffffff, TimeUS,Des,P,I,D,FF,AFF
FMT, 184, 35, PIDS, Qffffff, TimeUS,Des,P,I,D,FF,AFF
FMT, 160, 33, BAR2, QffcfIf, TimeUS,Alt,Press,Temp,CRt,SMS,Offset
FMT, 194, 33, BAR3, QffcfIf, TimeUS,Alt,Press,Temp,CRt,SMS,Offset
FMT, 185, 35, VIBE, QfffIII, TimeUS,VibeX,VibeY,VibeZ,Clip0,Clip1,Clip2
FMT, 186, 47, IMT, Qfffffffff, TimeUS,DelT,DelvT,DelaT,DelAX,DelAY,DelAZ,DelVX,DelVY,DelVZ
FMT, 187, 47, IMT2, Qfffffffff, TimeUS,DelT,DelvT,DelaT,DelAX,DelAY,DelAZ,DelVX,DelVY,DelVZ
FMT, 188, 47, IMT3, Qfffffffff, TimeUS,DelT,DelvT,DelaT,DelAX,DelAY,DelAZ,DelVX,DelVY,DelVZ
FMT, 189, 24, ORGN, QBLLe, TimeUS,Type,Lat,Lng,Alt
FMT, 190, 19, RPM, Qff, TimeUS,rpm1,rpm2
FMT, 225, 47, GMB1, Iffffffffff, TimeMS,dt,dax,day,daz,dvx,dvy,dvz,jx,jy,jz
FMT, 226, 44, GMB2, IBfffffffff, TimeMS,es,ex,ey,ez,rx,ry,rz,tx,ty,tz
FMT, 227, 13, GMB3, Ihhh, TimeMS,rl_torque_cmd,el_torque_cmd,az_torque_cmd
FMT, 228, 59, RATE, Qffffffffffff, TimeUS,RDes,R,ROut,PDes,P,POut,YDes,Y,YOut,ADes,A,AOut
FMT, 229, 23, RALY, QBBLLh, TimeUS,Tot,Seq,Lat,Lng,Alt
FMT, 216, 23, SBPH, QIII, TimeUS,CrcError,LastInject,IARhyp
FMT, 221, 80, SBR1, QHHBZ, TimeUS,msg_type,sender_id,msg_len,d1
FMT, 222, 205, SBR2, QHZZZ, TimeUS,msg_type,d2,d3,d4
FMT, 3, 30, PM, QIHIhhhBH, TimeUS,LTime,MLC,gDt,GDx,GDy,GDz,I2CErr,INSErr
FMT, 6, 14, STRT, QBH, TimeUS,SType,CTot
FMT, 1, 23, CTUN, Qhcchf, TimeUS,Steer,Roll,Pitch,ThrOut,AccY
FMT, 2, 26, NTUN, QHfHHbf, TimeUS,Yaw,WpDist,TargBrg,NavBrg,Thr,XT
FMT, 7, 27, SONR, QfHHHbHCb, TimeUS,LatAcc,S1Dist,S2Dist,DCnt,TAng,TTim,Spd,Thr
FMT, 8, 14, ARM, QBH, TimeUS,ArmState,ArmChecks
FMT, 13, 19, STER, Qff, TimeUS,Demanded,Achieved
FMT, 14, 36, GUID, QBffffff, TimeUS,Type,pX,pY,pZ,vX,vY,vZ
FMT, 19, 13, ERR, QBB, TimeUS,Subsys,ECode
PARM, 2591577, FORMAT_VERSION, 16
PARM, 2591596, SYSID_SW_TYPE, 20
PARM, 2591613, LOG_BITMASK, 65535
PARM, 2591634, SYS_NUM_RESETS, 46
PARM, 2591652, RST_SWITCH_CH, 0
PARM, 2591671, INITIAL_MODE, 0
PARM, 2591688, SYSID_THISMAV, 1
PARM, 2591706, SYSID_MYGCS, 255
PARM, 2591724, CLI_ENABLED, 0
PARM, 2591743, TELEM_DELAY, 0
PARM, 2591760, GCS_PID_MASK, 0
PARM, 2591779, MAG_ENABLE, 1
PARM, 2591797, AUTO_TRIGGER_PIN, -1
PARM, 2591815, AUTO_KICKSTART, 0
PARM, 2591832, CRUISE_SPEED, 5
PARM, 2591851, SPEED_TURN_GAIN, 50
PARM, 2591869, SPEED_TURN_DIST, 2
PARM, 2591887, BRAKING_PERCENT, 0
PARM, 2591946, BRAKING_SPEEDERR, 3
PARM, 2591964, PIVOT_TURN_ANGLE, 30
PARM, 2591983, CH7_OPTION, 0
PARM, 2592003, RC1_MIN, 1193
PARM, 2592080, RC1_TRIM, 1514
PARM, 2592102, RC1_MAX, 1543
PARM, 2592127, RC1_REV, 1
PARM, 2592150, RC1_DZ, 30
PARM, 2592175, RC2_MIN, 1514
PARM, 2592200, RC2_TRIM, 1530
PARM, 2592225, RC2_MAX, 1982
PARM, 2592254, RC2_REV, 1
PARM, 2592280, RC2_DZ, 0
PARM, 2592311, RC2_FUNCTION, 0
PARM, 2592335, RC3_MIN, 1473
PARM, 2592356, RC3_TRIM, 1473
PARM, 2592378, RC3_MAX, 1535
PARM, 2592403, RC3_REV, 1
PARM, 2592426, RC3_DZ, 0
PARM, 2592503, RC4_MIN, 1503
PARM, 2592530, RC4_TRIM, 1507
PARM, 2592587, RC4_MAX, 1508
PARM, 2592617, RC4_REV, 1
PARM, 2592668, RC4_DZ, 0
PARM, 2592698, RC4_FUNCTION, 0
PARM, 2592726, RC5_MIN, 1100
PARM, 2592750, RC5_TRIM, 1514
PARM, 2592775, RC5_MAX, 1514
PARM, 2592804, RC5_REV, 1
PARM, 2592831, RC5_DZ, 0
PARM, 2592861, RC5_FUNCTION, 0
PARM, 2592889, RC6_MIN, 1100
PARM, 2592913, RC6_TRIM, 1514
PARM, 2592980, RC6_MAX, 1900
PARM, 2593010, RC6_REV, 1
PARM, 2593043, RC6_DZ, 0
PARM, 2593174, RC6_FUNCTION, 0
PARM, 2593201, RC7_MIN, 1024
PARM, 2593261, RC7_TRIM, 1024
PARM, 2593287, RC7_MAX, 2003
PARM, 2593316, RC7_REV, 1
PARM, 2593342, RC7_DZ, 0
PARM, 2593372, RC7_FUNCTION, 0
PARM, 2593400, RC8_MIN, 1024
PARM, 2593424, RC8_TRIM, 1024
PARM, 2593449, RC8_MAX, 1514
PARM, 2593479, RC8_REV, 1
PARM, 2593505, RC8_DZ, 0
PARM, 2593535, RC8_FUNCTION, 0
PARM, 2593563, RC9_MIN, 1024
PARM, 2593587, RC9_TRIM, 1024
PARM, 2593612, RC9_MAX, 1514
PARM, 2593675, RC9_REV, 1
PARM, 2593702, RC9_DZ, 0
PARM, 2593732, RC9_FUNCTION, 0
PARM, 2593760, RC10_MIN, 1024
PARM, 2593784, RC10_TRIM, 1024
PARM, 2593809, RC10_MAX, 2003
PARM, 2593839, RC10_REV, 1
PARM, 2593917, RC10_DZ, 0
PARM, 2593950, RC10_FUNCTION, 0
PARM, 2594056, RC11_MIN, 1100
PARM, 2594081, RC11_TRIM, 1514
PARM, 2594106, RC11_MAX, 1900
PARM, 2594189, RC11_REV, 1
PARM, 2594215, RC11_DZ, 0
PARM, 2594246, RC11_FUNCTION, 0
PARM, 2594273, RC12_MIN, 1100
PARM, 2594297, RC12_TRIM, 1514
PARM, 2594323, RC12_MAX, 1900
PARM, 2594352, RC12_REV, 1
PARM, 2594378, RC12_DZ, 0
PARM, 2594409, RC12_FUNCTION, 0
PARM, 2594436, RC13_MIN, 1100
PARM, 2594461, RC13_TRIM, 1514
PARM, 2594486, RC13_MAX, 1900
PARM, 2594515, RC13_REV, 1
PARM, 2594593, RC13_DZ, 0
PARM, 2594623, RC13_FUNCTION, 0
PARM, 2594688, RC14_MIN, 1100
PARM, 2594713, RC14_TRIM, 1514
PARM, 2594768, RC14_MAX, 1900
PARM, 2594797, RC14_REV, 1
PARM, 2594824, RC14_DZ, 0
PARM, 2594854, RC14_FUNCTION, 0
PARM, 2594876, THR_MIN, 0
PARM, 2594895, THR_MAX, 100
PARM, 2594913, CRUISE_THROTTLE, 100
PARM, 2594932, THR_SLEWRATE, 100
PARM, 2594950, SKID_STEER_OUT, 0
PARM, 2594969, SKID_STEER_IN, 0
PARM, 2594987, FS_ACTION, 2
PARM, 2595047, FS_TIMEOUT, 5
PARM, 2595072, FS_THR_ENABLE, 1
PARM, 2595090, FS_THR_VALUE, 910
PARM, 2595108, FS_GCS_ENABLE, 0
PARM, 2595127, FS_CRASH_CHECK, 0
PARM, 2595144, RNGFND_TRIGGR_CM, 100
PARM, 2595162, RNGFND_TURN_ANGL, 45
PARM, 2595283, RNGFND_TURN_TIME, 1
PARM, 2595302, RNGFND_DEBOUNCE, 2
PARM, 2595430, LEARN_CH, 6
PARM, 2595449, MODE_CH, 6
PARM, 2595467, MODE1, 0
PARM, 2595485, MODE2, 0
PARM, 2595503, MODE3, 0
PARM, 2595522, MODE4, 2
PARM, 2595540, MODE5, 2
PARM, 2595558, MODE6, 10
PARM, 2595576, WP_RADIUS, 2
PARM, 2595593, TURN_MAX_G, 2
PARM, 2595614, STEER2SRV_TCONST, 0.75
PARM, 2595635, STEER2SRV_P, 1.8
PARM, 2595660, STEER2SRV_I, 0.2
PARM, 2595682, STEER2SRV_D, 0.005
PARM, 2595705, STEER2SRV_IMAX, 1500
PARM, 2595729, STEER2SRV_MINSPD, 1
PARM, 2595753, STEER2SRV_FF, 0
PARM, 2595777, SPEED2THR_P, 0.7
PARM, 2595798, SPEED2THR_I, 0.2
PARM, 2595820, SPEED2THR_D, 0.2
PARM, 2595843, SPEED2THR_IMAX, 4000
PARM, 2595868, COMPASS_OFS_X, -103.9576
PARM, 2595889, COMPASS_OFS_Y, -34.1313
PARM, 2595911, COMPASS_OFS_Z, 22.56417
PARM, 2595932, COMPASS_DEC, 0
PARM, 2596007, COMPASS_LEARN, 0
PARM, 2596040, COMPASS_USE, 1
PARM, 2596169, COMPASS_AUTODEC, 1
PARM, 2596196, COMPASS_MOTCT, 0
PARM, 2596278, COMPASS_MOT_X, 0
PARM, 2596303, COMPASS_MOT_Y, 0
PARM, 2596328, COMPASS_MOT_Z, 0
PARM, 2596357, COMPASS_ORIENT, 0
PARM, 2596387, COMPASS_EXTERNAL, 1
PARM, 2596418, COMPASS_OFS2_X, -81.02541
PARM, 2596445, COMPASS_OFS2_Y, 68.67936
PARM, 2596472, COMPASS_OFS2_Z, 21.15734
PARM, 2596505, COMPASS_MOT2_X, 0
PARM, 2596533, COMPASS_MOT2_Y, 0
PARM, 2596560, COMPASS_MOT2_Z, 0
PARM, 2596592, COMPASS_PRIMARY, 0
PARM, 2596627, COMPASS_OFS3_X, 0
PARM, 2596699, COMPASS_OFS3_Y, 0
PARM, 2596727, COMPASS_OFS3_Z, 0
PARM, 2596763, COMPASS_MOT3_X, 0
PARM, 2596792, COMPASS_MOT3_Y, 0
PARM, 2596821, COMPASS_MOT3_Z, 0
PARM, 2596850, COMPASS_DEV_ID, 466441
PARM, 2596880, COMPASS_DEV_ID2, 131594
PARM, 2596910, COMPASS_DEV_ID3, 0
PARM, 2596947, COMPASS_USE2, 0
PARM, 2596984, COMPASS_ORIENT2, 0
PARM, 2597030, COMPASS_EXTERN2, 0
PARM, 2597069, COMPASS_USE3, 0
PARM, 2597109, COMPASS_ORIENT3, 0
PARM, 2597192, COMPASS_EXTERN3, 0
PARM, 2597236, COMPASS_DIA_X, 0.9166896
PARM, 2597324, COMPASS_DIA_Y, 0.8858159
PARM, 2597359, COMPASS_DIA_Z, 1.077452
PARM, 2597404, COMPASS_ODI_X, -0.005226508
PARM, 2597440, COMPASS_ODI_Y, 0.002465461
PARM, 2597475, COMPASS_ODI_Z, 0.002816972
PARM, 2597521, COMPASS_DIA2_X, 1
PARM, 2597557, COMPASS_DIA2_Y, 1
PARM, 2597594, COMPASS_DIA2_Z, 1
PARM, 2597641, COMPASS_ODI2_X, 0
PARM, 2597713, COMPASS_ODI2_Y, 0
PARM, 2597749, COMPASS_ODI2_Z, 0
PARM, 2597798, COMPASS_DIA3_X, 0
PARM, 2597835, COMPASS_DIA3_Y, 0
PARM, 2597873, COMPASS_DIA3_Z, 0
PARM, 2597921, COMPASS_ODI3_X, 0
PARM, 2598011, COMPASS_ODI3_Y, 0
PARM, 2598096, COMPASS_ODI3_Z, 0
PARM, 2598133, COMPASS_CAL_FIT, 16
PARM, 2598209, SCHED_DEBUG, 0
PARM, 2598230, SCHED_LOOP_RATE, 50
PARM, 2598252, GND_ABS_PRESS, 50216.53
PARM, 2598273, GND_TEMP, 36.2642
PARM, 2598294, GND_ALT_OFFSET, 0
PARM, 2598372, GND_PRIMARY, 0
PARM, 2598398, GND_EXT_BUS, -1
PARM, 2598423, RELAY_PIN, 54
PARM, 2598446, RELAY_PIN2, 55
PARM, 2598470, RELAY_PIN3, -1
PARM, 2598495, RELAY_PIN4, -1
PARM, 2598521, RELAY_DEFAULT, 0
PARM, 2598546, RCMAP_ROLL, 1
PARM, 2598569, RCMAP_PITCH, 2
PARM, 2598646, RCMAP_THROTTLE, 3
PARM, 2598674, RCMAP_YAW, 4
PARM, 2598696, SR0_RAW_SENS, 2
PARM, 2598718, SR0_EXT_STAT, 0
PARM, 2598740, SR0_RC_CHAN, 10
PARM, 2598762, SR0_RAW_CTRL, 2
PARM, 2598785, SR0_POSITION, 0
PARM, 2598809, SR0_EXTRA1, 0
PARM, 2598833, SR0_EXTRA2, 0
PARM, 2598858, SR0_EXTRA3, 2
PARM, 2598883, SR0_PARAMS, 10
PARM, 2598907, SR1_RAW_SENS, 2
PARM, 2598928, SR1_EXT_STAT, 2
PARM, 2598950, SR1_RC_CHAN, 2
PARM, 2599030, SR1_RAW_CTRL, 2
PARM, 2599056, SR1_POSITION, 2
PARM, 2599132, SR1_EXTRA1, 4
PARM, 2599156, SR1_EXTRA2, 4
PARM, 2599180, SR1_EXTRA3, 2
PARM, 2599249, SR1_PARAMS, 10
PARM, 2599274, SR2_RAW_SENS, 2
PARM, 2599295, SR2_EXT_STAT, 2
PARM, 2599317, SR2_RC_CHAN, 2
PARM, 2599392, SR2_RAW_CTRL, 1
PARM, 2599415, SR2_POSITION, 2
PARM, 2599439, SR2_EXTRA1, 4
PARM, 2599463, SR2_EXTRA2, 4
PARM, 2599488, SR2_EXTRA3, 2
PARM, 2599513, SR2_PARAMS, 10
PARM, 2599537, SR3_RAW_SENS, 2
PARM, 2599558, SR3_EXT_STAT, 2
PARM, 2599580, SR3_RC_CHAN, 2
PARM, 2599602, SR3_RAW_CTRL, 2
PARM, 2599679, SR3_POSITION, 2
PARM, 2599706, SR3_EXTRA1, 2
PARM, 2599770, SR3_EXTRA2, 2
PARM, 2599795, SR3_EXTRA3, 2
PARM, 2599820, SR3_PARAMS, 10
PARM, 2599844, SERIAL0_BAUD, 115
PARM, 2599867, SERIAL0_PROTOCOL, 1
PARM, 2599892, SERIAL1_PROTOCOL, 1
PARM, 2599914, SERIAL1_BAUD, 57
PARM, 2599940, SERIAL2_PROTOCOL, 1
PARM, 2599964, SERIAL2_BAUD, 57
PARM, 2599992, SERIAL3_PROTOCOL, 5
PARM, 2600017, SERIAL3_BAUD, 38
PARM, 2600053, SERIAL4_PROTOCOL, 5
PARM, 2600079, SERIAL4_BAUD, 38
PARM, 2600110, SERIAL5_PROTOCOL, -1
PARM, 2600137, SERIAL5_BAUD, 57
PARM, 2600162, NAVL1_PERIOD, 8
PARM, 2600183, NAVL1_DAMPING, 0.75
PARM, 2600205, NAVL1_XTRACK_I, 0.02
PARM, 2600272, RNGFND_TYPE, 0
PARM, 2600295, RNGFND_PIN, -1
PARM, 2600327, RNGFND_SCALING, 3
PARM, 2600349, RNGFND_OFFSET, 0
PARM, 2600375, RNGFND_FUNCTION, 0
PARM, 2600452, RNGFND_MIN_CM, 20
PARM, 2600476, RNGFND_MAX_CM, 700
PARM, 2600505, RNGFND_STOP_PIN, -1
PARM, 2600530, RNGFND_SETTLE, 0
PARM, 2600560, RNGFND_RMETRIC, 1
PARM, 2600586, RNGFND_PWRRNG, 0
PARM, 2600618, RNGFND_GNDCLEAR, 10
PARM, 2600727, RNGFND_ADDR, 0
PARM, 2600824, RNGFND_POS_X, 0
PARM, 2600856, RNGFND_POS_Y, 0
PARM, 2600918, RNGFND_POS_Z, 0
PARM, 2600952, RNGFND2_TYPE, 0
PARM, 2600986, RNGFND2_PIN, -1
PARM, 2601016, RNGFND2_SCALING, 3
PARM, 2601054, RNGFND2_OFFSET, 0
PARM, 2601091, RNGFND2_FUNCTION, 0
PARM, 2601123, RNGFND2_MIN_CM, 20
PARM, 2601155, RNGFND2_MAX_CM, 700
PARM, 2601194, RNGFND2_STOP_PIN, -1
PARM, 2601228, RNGFND2_SETTLE, 0
PARM, 2601311, RNGFND2_RMETRIC, 1
PARM, 2601353, RNGFND2_GNDCLEAR, 10
PARM, 2601396, RNGFND2_ADDR, 0
PARM, 2601495, RNGFND2_POS_X, 0
PARM, 2601532, RNGFND2_POS_Y, 0
PARM, 2601568, RNGFND2_POS_Z, 0
PARM, 2601598, INS_PRODUCT_ID, 0
PARM, 2601622, INS_GYROFFS_X, 0.01661226
MSG, 2770357, Calibrating barometer
PARM, 2770501, GND_ALT_OFFSET, 0
PARM, 4383827, GND_ABS_PRESS, 50215.12
PARM, 4383941, GND_TEMP, 35.74229
MSG, 4383956, Barometer calibration complete
MSG, 4390600, <startup_ground> Ground start
MSG, 4390619, Warming up ADC
MSG, 4891420, Beginning INS calibration. Do not move vehicle
MSG, 5001864, Initialising APM
PARM, 6023429, INS_ACC_ID, 1442826
PARM, 6028383, INS_ACC2_ID, 1114634
MSG, 10002117, Initialising APM
PARM, 11258234, INS_GYROFFS_X, 0.01658695
PARM, 11258385, INS_GYROFFS_Y, 0.03017064
PARM, 11258398, INS_GYROFFS_Z, -0.006537423
PARM, 11258546, INS_GYR_ID, 2360330
PARM, 11258723, INS_GYR2OFFS_X, 0.01174103
PARM, 11258737, INS_GYR2OFFS_Y, 0.001175568
PARM, 11258751, INS_GYR2OFFS_Z, -0.01383685
PARM, 11259171, INS_GYR2_ID, 2228490
PARM, 11259467, INS_GYR3OFFS_X, 0
PARM, 11259480, INS_GYR3OFFS_Y, 0
PARM, 11259494, INS_GYR3OFFS_Z, 0
PARM, 11259688, INS_GYR3_ID, 0
PARM, 11260611, RC1_MIN, 1193
PARM, 11260749, RC1_TRIM, 1514
PARM, 11261260, RC1_MAX, 1543
PARM, 11261481, RC1_REV, 1
PARM, 11261680, RC1_DZ, 30
MSG, 11261700, Ready to drive
PARM, 11268377, INS_GYROFFS_Y, 0.03017064
PARM, 11268400, INS_GYROFFS_Z, -0.006537423
PARM, 11268425, INS_GYR2OFFS_X, 0.01174103
PARM, 11268447, INS_GYR2OFFS_Y, 0.001175568
PARM, 11268470, INS_GYR2OFFS_Z, -0.01383685
PARM, 11268497, INS_GYR3OFFS_X, 0
PARM, 11268520, INS_GYR3OFFS_Y, 0
PARM, 11268544, INS_GYR3OFFS_Z, 0
PARM, 11268571, INS_ACCSCAL_X, 1.002498
PARM, 11268796, INS_ACCSCAL_Y, 1.000382
PARM, 11268820, INS_ACCSCAL_Z, 0.9940299
PARM, 11268848, INS_ACCOFFS_X, 0.1068646
PARM, 11268873, INS_ACCOFFS_Y, -0.1970551
PARM, 11268898, INS_ACCOFFS_Z, -0.9351544
PARM, 11268927, INS_ACC2SCAL_X, 1.003861
PARM, 11268952, INS_ACC2SCAL_Y, 1.001515
PARM, 11268978, INS_ACC2SCAL_Z, 1.019763
PARM, 11269008, INS_ACC2OFFS_X, -0.02504847
PARM, 11269041, INS_ACC2OFFS_Y, 0.1463253
PARM, 11269067, INS_ACC2OFFS_Z, 0.6686679
PARM, 11269098, INS_ACC3SCAL_X, 0
PARM, 11269125, INS_ACC3SCAL_Y, 0
PARM, 11269290, INS_ACC3SCAL_Z, 0
PARM, 11269322, INS_ACC3OFFS_X, 0
PARM, 11269350, INS_ACC3OFFS_Y, 0
PARM, 11269377, INS_ACC3OFFS_Z, 0
PARM, 11269409, INS_GYRO_FILTER, 4
PARM, 11269441, INS_ACCEL_FILTER, 10
PARM, 11269474, INS_USE, 1
PARM, 11269508, INS_USE2, 1
PARM, 11269542, INS_USE3, 0
PARM, 11269572, INS_STILL_THRESH, 0.1
PARM, 11269608, INS_GYR_CAL, 1
PARM, 11269646, INS_TRIM_OPTION, 1
PARM, 11269857, INS_ACC_BODYFIX, 2
PARM, 11269898, INS_POS1_X, 0
PARM, 11269930, INS_POS1_Y, 0
PARM, 11269963, INS_POS1_Z, 0
PARM, 11270004, INS_POS2_X, 0
PARM, 11270045, INS_POS2_Y, 0
PARM, 11270078, INS_POS2_Z, 0
PARM, 11270121, INS_POS3_X, 0
PARM, 11270154, INS_POS3_Y, 0
PARM, 11270188, INS_POS3_Z, 0
PARM, 11270412, INS_GYR_ID, 2360330
PARM, 11270446, INS_GYR2_ID, 2228490
PARM, 11270481, INS_GYR3_ID, 0
PARM, 11270516, INS_ACC_ID, 1442826
PARM, 11270552, INS_ACC2_ID, 1114634
PARM, 11270588, INS_ACC3_ID, 0
PARM, 11270711, INS_FAST_SAMPLE, 0
PARM, 11270742, AHRS_GPS_GAIN, 1
PARM, 11270765, AHRS_GPS_USE, 1
PARM, 11270957, AHRS_YAW_P, 0.2
PARM, 11270979, AHRS_RP_P, 0.2
PARM, 11271005, AHRS_WIND_MAX, 0
PARM, 11271040, AHRS_TRIM_X, 0.0656462
PARM, 11271065, AHRS_TRIM_Y, -0.06339798
PARM, 11271089, AHRS_TRIM_Z, 0
PARM, 11271117, AHRS_ORIENTATION, 0
PARM, 11271142, AHRS_COMP_BETA, 0.1
PARM, 11271172, AHRS_GPS_MINSATS, 6
PARM, 11271202, AHRS_EKF_TYPE, 2
PARM, 11271228, CAM_TRIGG_TYPE, 0
PARM, 11271251, CAM_DURATION, 10
PARM, 11271273, CAM_SERVO_ON, 1300
PARM, 11271295, CAM_SERVO_OFF, 1100
PARM, 11271457, CAM_TRIGG_DIST, 0
PARM, 11271484, CAM_RELAY_ON, 1
PARM, 11271508, CAM_MIN_INTERVAL, 0
PARM, 11271533, CAM_MAX_ROLL, 0
PARM, 11271562, CAM_FEEDBACK_PIN, -1
PARM, 11271592, CAM_FEEDBACK_POL, 1
PARM, 11271618, MNT_DEFLT_MODE, 3
PARM, 11271642, MNT_RETRACT_X, 0
PARM, 11271698, MNT_RETRACT_Y, 0
PARM, 11271720, MNT_RETRACT_Z, 0
PARM, 11271745, MNT_NEUTRAL_X, 0
PARM, 11271768, MNT_NEUTRAL_Y, 0
PARM, 11271791, MNT_NEUTRAL_Z, 0
PARM, 11271817, MNT_STAB_ROLL, 0
PARM, 11271985, MNT_STAB_TILT, 0
PARM, 11272012, MNT_STAB_PAN, 0
PARM, 11272047, MNT_RC_IN_ROLL, 0
PARM, 11272072, MNT_ANGMIN_ROL, -4500
PARM, 11272098, MNT_ANGMAX_ROL, 4500
PARM, 11272128, MNT_RC_IN_TILT, 0
PARM, 11272154, MNT_ANGMIN_TIL, -4500
PARM, 11272182, MNT_ANGMAX_TIL, 4500
PARM, 11272214, MNT_RC_IN_PAN, 0
PARM, 11272242, MNT_ANGMIN_PAN, -4500
PARM, 11272271, MNT_ANGMAX_PAN, 4500
PARM, 11272306, MNT_JSTICK_SPD, 0
PARM, 11272476, MNT_LEAD_RLL, 0
PARM, 11272507, MNT_LEAD_PTCH, 0
PARM, 11272544, MNT_TYPE, 0
PARM, 11272573, ARMING_REQUIRE, 0
PARM, 11272594, ARMING_CHECK, 1
PARM, 11272616, ARMING_ACCTHRESH, 0.75
PARM, 11272639, ARMING_MIN_VOLT, 0
PARM, 11272662, ARMING_MIN_VOLT2, 0
PARM, 11272690, LOG_BACKEND_TYPE, 1
PARM, 11272713, LOG_FILE_BUFSIZE, 16
PARM, 11272737, LOG_DISARMED, 0
PARM, 11272762, LOG_REPLAY, 0
PARM, 11272788, LOG_FILE_DSRMROT, 0
PARM, 11272813, BATT_MONITOR, 0
PARM, 11272836, BATT_VOLT_PIN, -1
PARM, 11273147, BATT_CURR_PIN, -1
PARM, 11273169, BATT_VOLT_MULT, 10.1
PARM, 11273192, BATT_AMP_PERVOLT, 17
PARM, 11273216, BATT_AMP_OFFSET, 0
PARM, 11273240, BATT_CAPACITY, 5000
PARM, 11273268, BATT2_MONITOR, 0
PARM, 11273297, BATT2_VOLT_PIN, 2
PARM, 11273327, BATT2_CURR_PIN, 3
PARM, 11273354, BATT2_VOLT_MULT, 10.1
PARM, 11273381, BATT2_AMP_PERVOL, 17
PARM, 11273408, BATT2_AMP_OFFSET, 0
PARM, 11273436, BATT2_CAPACITY, 3300
PARM, 11273464, BRD_PWM_COUNT, 4
PARM, 11273488, BRD_SER1_RTSCTS, 2
PARM, 11273646, BRD_SER2_RTSCTS, 2
PARM, 11273672, BRD_SAFETYENABLE, 1
PARM, 11273701, BRD_SBUS_OUT, 0
PARM, 11273724, BRD_SERIAL_NUM, 0
PARM, 11273749, BRD_SAFETY_MASK, 0
PARM, 11273777, BRD_IMU_TARGTEMP, -1
PARM, 11273806, BRD_TYPE, 2
PARM, 11273832, GPS_TYPE, 1
PARM, 11273855, GPS_TYPE2, 0
PARM, 11273879, GPS_NAVFILTER, 8
PARM, 11273905, GPS_AUTO_SWITCH, 1
PARM, 11273931, GPS_MIN_DGPS, 100
PARM, 11273957, GPS_SBAS_MODE, 2
PARM, 11273985, GPS_MIN_ELEV, -100
PARM, 11274013, GPS_INJECT_TO, 127
PARM, 11274218, GPS_SBP_LOGMASK, -256
PARM, 11274248, GPS_RAW_DATA, 0
PARM, 11274278, GPS_GNSS_MODE, 0
PARM, 11274310, GPS_SAVE_CFG, 0
PARM, 11274342, GPS_GNSS_MODE2, 0
PARM, 11274375, GPS_AUTO_CONFIG, 1
PARM, 11274404, GPS_RATE_MS, 200
PARM, 11274433, GPS_RATE_MS2, 200
PARM, 11274470, GPS_POS1_X, 0
PARM, 11274501, GPS_POS1_Y, 0
PARM, 11274531, GPS_POS1_Z, 0
PARM, 11274755, GPS_POS2_X, 0
PARM, 11274786, GPS_POS2_Y, 0
PARM, 11274819, GPS_POS2_Z, 0
PARM, 11274849, EK2_ENABLE, 1
PARM, 11274872, EK2_GPS_TYPE, 0
PARM, 11274894, EK2_VELNE_M_NSE, 0.5
PARM, 11274916, EK2_VELD_M_NSE, 0.7
PARM, 11274939, EK2_VEL_I_GATE, 500
PARM, 11274963, EK2_POSNE_M_NSE, 1
PARM, 11274987, EK2_POS_I_GATE, 500
PARM, 11275077, EK2_GLITCH_RAD, 25
PARM, 11275282, EK2_GPS_DELAY, 220
PARM, 11275312, EK2_ALT_SOURCE, 0
PARM, 11275338, EK2_ALT_M_NSE, 3
PARM, 11275365, EK2_HGT_I_GATE, 500
PARM, 11275393, EK2_HGT_DELAY, 60
PARM, 11275421, EK2_MAG_M_NSE, 0.05
PARM, 11275455, EK2_MAG_CAL, 2
PARM, 11275484, EK2_MAG_I_GATE, 300
PARM, 11275514, EK2_EAS_M_NSE, 1.4
PARM, 11275544, EK2_EAS_I_GATE, 400
PARM, 11275575, EK2_RNG_M_NSE, 0.5
PARM, 11275823, EK2_RNG_I_GATE, 500
PARM, 11275855, EK2_MAX_FLOW, 2.5
PARM, 11275888, EK2_FLOW_M_NSE, 0.25
PARM, 11275924, EK2_FLOW_I_GATE, 300
PARM, 11275965, EK2_FLOW_DELAY, 10
PARM, 11275999, EK2_GYRO_P_NSE, 0.03
PARM, 11276041, EK2_ACC_P_NSE, 0.6
PARM, 11276077, EK2_GBIAS_P_NSE, 0.0001
PARM, 11276112, EK2_GSCL_P_NSE, 0.0005
PARM, 11276414, EK2_ABIAS_P_NSE, 0.005
PARM, 11276451, EK2_WIND_P_NSE, 0.1
PARM, 11276489, EK2_WIND_PSCALE, 0.5
PARM, 11276538, EK2_GPS_CHECK, 31
PARM, 11276586, EK2_IMU_MASK, 3
PARM, 11276626, EK2_CHECK_SCALE, 100
PARM, 11276665, EK2_NOAID_M_NSE, 10
PARM, 11276851, EK2_LOG_MASK, 1
PARM, 11276945, EK2_YAW_M_NSE, 0.5
PARM, 11276987, EK2_YAW_I_GATE, 300
PARM, 11277047, EK2_TAU_OUTPUT, 25
PARM, 11277136, EK2_MAGE_P_NSE, 0.001
PARM, 11277179, EK2_MAGB_P_NSE, 0.0001
PARM, 11277372, EK2_RNG_USE_HGT, -1
PARM, 11277463, EK2_TERR_GRAD, 0.1
PARM, 11277508, EK2_BCN_M_NSE, 1
PARM, 11277556, EK2_BCN_I_GTE, 500
PARM, 11277614, EK2_BCN_DELAY, 50
PARM, 11277725, EK2_RNG_USE_SPD, 2
PARM, 11278493, EK3_ENABLE, 0
PARM, 11278530, MIS_TOTAL, 8
PARM, 11278553, MIS_RESTART, 0
PARM, 11278577, RSSI_TYPE, 0
PARM, 11278600, RSSI_ANA_PIN, 0
PARM, 11278622, RSSI_PIN_LOW, 0
PARM, 11278644, RSSI_PIN_HIGH, 5
PARM, 11278670, RSSI_CHANNEL, 0
PARM, 11278759, RSSI_CHAN_LOW, 1000
PARM, 11278783, RSSI_CHAN_HIGH, 2000
PARM, 11278941, NTF_LED_BRIGHT, 3
PARM, 11278965, NTF_BUZZ_ENABLE, 1
PARM, 11278989, NTF_LED_OVERRIDE, 0
PARM, 11279039, BTN_ENABLE, 0
PARM, 11279065, STAT_BOOTCNT, 46
PARM, 11279090, STAT_FLTTIME, 1784
PARM, 11279115, STAT_RUNTIME, 26928
PARM, 11279141, STAT_RESET, -5.049216E+08
PARM, 11279170, SYSID_ENFORCE, 0
MSG, 11279189, APM:Rover v3.1.2 (0fa522b8)
MSG, 11279205, PX4: 56c0c696 NuttX: be6ff61a
MSG, 11279252, PX4v2 0044001A 3335510E 37373430
MSG, 11279269, New mission
CMD, 11279289, 8, 0, 16, 0, 0, 0, 0, 0, 0, 0
CMD, 11279448, 8, 1, 16, 0, 0, 0, 0, 32.88119, -117.2347, 100
CMD, 11279469, 8, 2, 16, 0, 0, 0, 0, 32.88122, -117.2348, 100
CMD, 11279490, 8, 3, 16, 0, 0, 0, 0, 32.88122, -117.2349, 100
CMD, 11279511, 8, 4, 16, 0, 0, 0, 0, 32.88117, -117.235, 100
CMD, 11279532, 8, 5, 16, 0, 0, 0, 0, 32.88113, -117.235, 100
CMD, 11279554, 8, 6, 16, 0, 0, 0, 0, 32.88115, -117.2349, 100
CMD, 11279575, 8, 7, 16, 0, 0, 0, 0, 32.88118, -117.2347, 100
STRT, 11279588, 1, 8
MODE, 11279599, Manual, 0, 0
MSG, 12362812, EKF2 IMU0 initial yaw alignment complete
MSG, 12364327, EKF2 IMU1 initial yaw alignment complete
MSG, 12483084, GPS 0: detected as u-blox at 38400 baud
MSG, 14524045, GPS 0: detected as u-blox at 115200 baud
MSG, 14722512, EK2: Changed EK2_GPS_TYPE to 1
PARM, 14743979, GND_ABS_PRESS, 50210.96
PARM, 14744084, GND_TEMP, 25
UBX1, 15124369, 0, 97, 9, 1, 1560
UBX1, 17104009, 0, 97, 13, 1, 1560
MSG, 17522060, EKF2 IMU0 tilt alignment complete
MSG, 17542699, EKF2 IMU1 tilt alignment complete
UBX1, 19124326, 0, 96, 37, 1, 1560
UBX1, 21124455, 0, 96, 51, 1, 1716
UBX1, 23124189, 0, 97, 20, 1, 1716
UBX1, 24103848, 0, 97, 13, 1, 1716
PARM, 24943643, GND_ABS_PRESS, 50212.34
PARM, 24943742, GND_TEMP, 25
UBX2, 25103997, 0, -42, 146, -14, 141
MSG, 26763757, u-blox 0 HW: 00080000 SW: EXT CORE 3.01 (107900)
UBX1, 29124163, 0, 104, 12, 1, 1716
UBX2, 30124150, 0, -42, 149, -14, 145
PARM, 30244306, STAT_FLTTIME, 1784
PARM, 30244707, STAT_RUNTIME, 26958
UBX1, 34124147, 0, 104, 11, 1, 1638
UBX2, 35103615, 0, -41, 141, -15, 138
PARM, 35143792, GND_ABS_PRESS, 50213.23
PARM, 35143890, GND_TEMP, 25
UBX1, 39124064, 0, 104, 13, 1, 1638
UBX2, 40103959, 0, -42, 141, -13, 139
UBX1, 44124333, 0, 103, 14, 1, 1638
UBX2, 45124170, 0, -44, 133, -13, 134
PARM, 45343868, GND_ABS_PRESS, 50211.46
PARM, 45344047, GND_TEMP, 25
UBX1, 49124085, 0, 103, 30, 1, 1638
UBX2, 50123998, 0, -44, 136, -14, 133
MSG, 52302745, EKF2 IMU0 Origin set to GPS
MSG, 52303454, EKF2 IMU1 Origin set to GPS
MSG, 53122310, EKF2 IMU0 is using GPS
MSG, 53122918, EKF2 IMU1 is using GPS
UBX1, 54123391, 0, 0, 0, 0, 0
